[10-May-2026 21:44:42 Asia/Makassar] PHP Fatal error:  Allowed memory size of 268435456 bytes exhausted (tried to allocate 32768 bytes) in C:\xampp\htdocs\studexcopy\view\layouts\main.php on line 325
[11-May-2026 14:41:09 Asia/Makassar] PHP Fatal error:  Allowed memory size of 268435456 bytes exhausted (tried to allocate 32768 bytes) in C:\xampp\htdocs\studexcopy\view\layouts\main.php on line 325
[11-May-2026 14:46:42 Asia/Makassar] PHP Fatal error:  Allowed memory size of 268435456 bytes exhausted (tried to allocate 32768 bytes) in C:\xampp\htdocs\studexcopy\view\layouts\main.php on line 325
[11-May-2026 14:47:39 Asia/Makassar] PHP Fatal error:  Allowed memory size of 268435456 bytes exhausted (tried to allocate 32768 bytes) in C:\xampp\htdocs\studexcopy\view\layouts\main.php on line 325
[11-May-2026 14:47:49 Asia/Makassar] PHP Fatal error:  Allowed memory size of 268435456 bytes exhausted (tried to allocate 32768 bytes) in C:\xampp\htdocs\studexcopy\view\layouts\main.php on line 325
[11-May-2026 14:49:01 Asia/Makassar] PHP Fatal error:  Allowed memory size of 268435456 bytes exhausted (tried to allocate 32768 bytes) in C:\xampp\htdocs\studexcopy\view\layouts\main.php on line 325
[11-May-2026 14:51:50 Asia/Makassar] PHP Fatal error:  Allowed memory size of 268435456 bytes exhausted (tried to allocate 32768 bytes) in C:\xampp\htdocs\studexcopy\view\layouts\main.php on line 325
[11-May-2026 14:55:32 Asia/Makassar] PHP Fatal error:  Uncaught PDOException: SQLSTATE[42S22]: Column not found: 1054 Unknown column 'nama_angkatan' in 'field list' in C:\xampp\htdocs\studexcopy\modules\jadwal\index.php:13
Stack trace:
#0 C:\xampp\htdocs\studexcopy\modules\jadwal\index.php(13): PDO->query('SELECT id, nama...')
#1 {main}
  thrown in C:\xampp\htdocs\studexcopy\modules\jadwal\index.php on line 13
[11-May-2026 14:55:57 Asia/Makassar] PHP Fatal error:  Uncaught PDOException: SQLSTATE[42S22]: Column not found: 1054 Unknown column 'nama_angkatan' in 'field list' in C:\xampp\htdocs\studexcopy\modules\presensi\index.php:13
Stack trace:
#0 C:\xampp\htdocs\studexcopy\modules\presensi\index.php(13): PDO->query('SELECT id, nama...')
#1 {main}
  thrown in C:\xampp\htdocs\studexcopy\modules\presensi\index.php on line 13
[11-May-2026 14:56:30 Asia/Makassar] PHP Fatal error:  Uncaught Error: Call to undefined function flash() in C:\xampp\htdocs\studexcopy\modules\presensi\index.php:151
Stack trace:
#0 {main}
  thrown in C:\xampp\htdocs\studexcopy\modules\presensi\index.php on line 151
[11-May-2026 14:56:34 Asia/Makassar] PHP Fatal error:  Uncaught PDOException: SQLSTATE[42S22]: Column not found: 1054 Unknown column 'nama_angkatan' in 'field list' in C:\xampp\htdocs\studexcopy\modules\presensi\rekap.php:13
Stack trace:
#0 C:\xampp\htdocs\studexcopy\modules\presensi\rekap.php(13): PDO->query('SELECT id, nama...')
#1 {main}
  thrown in C:\xampp\htdocs\studexcopy\modules\presensi\rekap.php on line 13
[11-May-2026 14:57:01 Asia/Makassar] PHP Fatal error:  Uncaught PDOException: SQLSTATE[42S22]: Column not found: 1054 Unknown column 'nama_angkatan' in 'field list' in C:\xampp\htdocs\studexcopy\modules\presensi\index.php:13
Stack trace:
#0 C:\xampp\htdocs\studexcopy\modules\presensi\index.php(13): PDO->query('SELECT id, nama...')
#1 {main}
  thrown in C:\xampp\htdocs\studexcopy\modules\presensi\index.php on line 13
[11-May-2026 14:58:56 Asia/Makassar] PHP Fatal error:  Uncaught PDOException: SQLSTATE[42S22]: Column not found: 1054 Unknown column 'nama_angkatan' in 'field list' in C:\xampp\htdocs\studexcopy\modules\jadwal\index.php:13
Stack trace:
#0 C:\xampp\htdocs\studexcopy\modules\jadwal\index.php(13): PDO->query('SELECT id, nama...')
#1 {main}
  thrown in C:\xampp\htdocs\studexcopy\modules\jadwal\index.php on line 13
[11-May-2026 15:01:49 Asia/Makassar] PHP Fatal error:  Uncaught PDOException: SQLSTATE[42S22]: Column not found: 1054 Unknown column 'is_active' in 'field list' in C:\xampp\htdocs\studexcopy\modules\rabuan\upload_notulensi.php:24
Stack trace:
#0 C:\xampp\htdocs\studexcopy\modules\rabuan\upload_notulensi.php(24): PDO->query('SELECT modul, f...')
#1 {main}
  thrown in C:\xampp\htdocs\studexcopy\modules\rabuan\upload_notulensi.php on line 24
[11-May-2026 15:04:24 Asia/Makassar] PHP Fatal error:  Uncaught PDOException: SQLSTATE[42S22]: Column not found: 1054 Unknown column 'nama_angkatan' in 'field list' in C:\xampp\htdocs\studexcopy\modules\jadwal\index.php:13
Stack trace:
#0 C:\xampp\htdocs\studexcopy\modules\jadwal\index.php(13): PDO->query('SELECT id, nama...')
#1 {main}
  thrown in C:\xampp\htdocs\studexcopy\modules\jadwal\index.php on line 13
[11-May-2026 20:37:33 Asia/Makassar] PHP Fatal error:  Uncaught PDOException: SQLSTATE[42S22]: Column not found: 1054 Unknown column 'nama_angkatan' in 'field list' in C:\xampp\htdocs\studexcopy\modules\presensi\index.php:13
Stack trace:
#0 C:\xampp\htdocs\studexcopy\modules\presensi\index.php(13): PDO->query('SELECT id, nama...')
#1 {main}
  thrown in C:\xampp\htdocs\studexcopy\modules\presensi\index.php on line 13
[11-May-2026 20:38:51 Asia/Makassar] PHP Fatal error:  Uncaught PDOException: SQLSTATE[42S22]: Column not found: 1054 Unknown column 'nama_angkatan' in 'field list' in C:\xampp\htdocs\studexcopy\modules\presensi\index.php:13
Stack trace:
#0 C:\xampp\htdocs\studexcopy\modules\presensi\index.php(13): PDO->query('SELECT id, nama...')
#1 {main}
  thrown in C:\xampp\htdocs\studexcopy\modules\presensi\index.php on line 13
[11-May-2026 20:41:09 Asia/Makassar] PHP Fatal error:  Uncaught PDOException: SQLSTATE[42S22]: Column not found: 1054 Unknown column 'nama_angkatan' in 'field list' in C:\xampp\htdocs\studexcopy\modules\presensi\index.php:13
Stack trace:
#0 C:\xampp\htdocs\studexcopy\modules\presensi\index.php(13): PDO->query('SELECT id, nama...')
#1 {main}
  thrown in C:\xampp\htdocs\studexcopy\modules\presensi\index.php on line 13
[11-May-2026 20:50:53 Asia/Makassar] PHP Fatal error:  Uncaught PDOException: SQLSTATE[42S22]: Column not found: 1054 Unknown column 'tahun_masuk' in 'order clause' in C:\xampp\htdocs\studexcopy\modules\presensi\index.php:13
Stack trace:
#0 C:\xampp\htdocs\studexcopy\modules\presensi\index.php(13): PDO->query('SELECT id, nama...')
#1 {main}
  thrown in C:\xampp\htdocs\studexcopy\modules\presensi\index.php on line 13
[11-May-2026 20:51:19 Asia/Makassar] PHP Fatal error:  Uncaught PDOException: SQLSTATE[42S22]: Column not found: 1054 Unknown column 'nama_angkatan' in 'field list' in C:\xampp\htdocs\studexcopy\modules\presensi\index.php:13
Stack trace:
#0 C:\xampp\htdocs\studexcopy\modules\presensi\index.php(13): PDO->query('SELECT id, nama...')
#1 {main}
  thrown in C:\xampp\htdocs\studexcopy\modules\presensi\index.php on line 13
[11-May-2026 20:51:19 Asia/Makassar] PHP Fatal error:  Uncaught PDOException: SQLSTATE[42S22]: Column not found: 1054 Unknown column 'nama_angkatan' in 'field list' in C:\xampp\htdocs\studexcopy\modules\presensi\index.php:13
Stack trace:
#0 C:\xampp\htdocs\studexcopy\modules\presensi\index.php(13): PDO->query('SELECT id, nama...')
#1 {main}
  thrown in C:\xampp\htdocs\studexcopy\modules\presensi\index.php on line 13
[11-May-2026 20:51:20 Asia/Makassar] PHP Fatal error:  Uncaught PDOException: SQLSTATE[42S22]: Column not found: 1054 Unknown column 'nama_angkatan' in 'field list' in C:\xampp\htdocs\studexcopy\modules\presensi\index.php:13
Stack trace:
#0 C:\xampp\htdocs\studexcopy\modules\presensi\index.php(13): PDO->query('SELECT id, nama...')
#1 {main}
  thrown in C:\xampp\htdocs\studexcopy\modules\presensi\index.php on line 13
[11-May-2026 20:51:20 Asia/Makassar] PHP Fatal error:  Uncaught PDOException: SQLSTATE[42S22]: Column not found: 1054 Unknown column 'nama_angkatan' in 'field list' in C:\xampp\htdocs\studexcopy\modules\presensi\index.php:13
Stack trace:
#0 C:\xampp\htdocs\studexcopy\modules\presensi\index.php(13): PDO->query('SELECT id, nama...')
#1 {main}
  thrown in C:\xampp\htdocs\studexcopy\modules\presensi\index.php on line 13
[11-May-2026 20:51:20 Asia/Makassar] PHP Fatal error:  Uncaught PDOException: SQLSTATE[42S22]: Column not found: 1054 Unknown column 'nama_angkatan' in 'field list' in C:\xampp\htdocs\studexcopy\modules\presensi\index.php:13
Stack trace:
#0 C:\xampp\htdocs\studexcopy\modules\presensi\index.php(13): PDO->query('SELECT id, nama...')
#1 {main}
  thrown in C:\xampp\htdocs\studexcopy\modules\presensi\index.php on line 13
[11-May-2026 20:51:20 Asia/Makassar] PHP Fatal error:  Uncaught PDOException: SQLSTATE[42S22]: Column not found: 1054 Unknown column 'nama_angkatan' in 'field list' in C:\xampp\htdocs\studexcopy\modules\presensi\index.php:13
Stack trace:
#0 C:\xampp\htdocs\studexcopy\modules\presensi\index.php(13): PDO->query('SELECT id, nama...')
#1 {main}
  thrown in C:\xampp\htdocs\studexcopy\modules\presensi\index.php on line 13
[11-May-2026 20:51:20 Asia/Makassar] PHP Fatal error:  Uncaught PDOException: SQLSTATE[42S22]: Column not found: 1054 Unknown column 'nama_angkatan' in 'field list' in C:\xampp\htdocs\studexcopy\modules\presensi\index.php:13
Stack trace:
#0 C:\xampp\htdocs\studexcopy\modules\presensi\index.php(13): PDO->query('SELECT id, nama...')
#1 {main}
  thrown in C:\xampp\htdocs\studexcopy\modules\presensi\index.php on line 13
[11-May-2026 20:51:21 Asia/Makassar] PHP Fatal error:  Uncaught PDOException: SQLSTATE[42S22]: Column not found: 1054 Unknown column 'nama_angkatan' in 'field list' in C:\xampp\htdocs\studexcopy\modules\presensi\index.php:13
Stack trace:
#0 C:\xampp\htdocs\studexcopy\modules\presensi\index.php(13): PDO->query('SELECT id, nama...')
#1 {main}
  thrown in C:\xampp\htdocs\studexcopy\modules\presensi\index.php on line 13
[11-May-2026 20:51:21 Asia/Makassar] PHP Fatal error:  Uncaught PDOException: SQLSTATE[42S22]: Column not found: 1054 Unknown column 'nama_angkatan' in 'field list' in C:\xampp\htdocs\studexcopy\modules\presensi\index.php:13
Stack trace:
#0 C:\xampp\htdocs\studexcopy\modules\presensi\index.php(13): PDO->query('SELECT id, nama...')
#1 {main}
  thrown in C:\xampp\htdocs\studexcopy\modules\presensi\index.php on line 13
[11-May-2026 20:51:21 Asia/Makassar] PHP Fatal error:  Uncaught PDOException: SQLSTATE[42S22]: Column not found: 1054 Unknown column 'nama_angkatan' in 'field list' in C:\xampp\htdocs\studexcopy\modules\presensi\index.php:13
Stack trace:
#0 C:\xampp\htdocs\studexcopy\modules\presensi\index.php(13): PDO->query('SELECT id, nama...')
#1 {main}
  thrown in C:\xampp\htdocs\studexcopy\modules\presensi\index.php on line 13
[11-May-2026 20:51:56 Asia/Makassar] PHP Fatal error:  Uncaught Error: Call to undefined function flash() in C:\xampp\htdocs\studexcopy\modules\presensi\index.php:153
Stack trace:
#0 {main}
  thrown in C:\xampp\htdocs\studexcopy\modules\presensi\index.php on line 153
[11-May-2026 20:54:30 Asia/Makassar] PHP Fatal error:  Uncaught Error: Call to undefined function flash() in C:\xampp\htdocs\studexcopy\modules\presensi\index.php:153
Stack trace:
#0 {main}
  thrown in C:\xampp\htdocs\studexcopy\modules\presensi\index.php on line 153
[11-May-2026 20:54:48 Asia/Makassar] PHP Warning:  Undefined array key "nama_angkatan" in C:\xampp\htdocs\studexcopy\modules\presensi\index.php on line 178
[11-May-2026 20:54:48 Asia/Makassar] PHP Warning:  Undefined array key "nama_angkatan" in C:\xampp\htdocs\studexcopy\modules\presensi\index.php on line 178
[11-May-2026 20:54:48 Asia/Makassar] PHP Warning:  Undefined array key "nama_angkatan" in C:\xampp\htdocs\studexcopy\modules\presensi\index.php on line 178
[11-May-2026 20:55:11 Asia/Makassar] PHP Fatal error:  Uncaught PDOException: SQLSTATE[42S22]: Column not found: 1054 Unknown column 'nama_angkatan' in 'field list' in C:\xampp\htdocs\studexcopy\modules\presensi\rekap.php:13
Stack trace:
#0 C:\xampp\htdocs\studexcopy\modules\presensi\rekap.php(13): PDO->query('SELECT id, nama...')
#1 {main}
  thrown in C:\xampp\htdocs\studexcopy\modules\presensi\rekap.php on line 13
[11-May-2026 20:55:52 Asia/Makassar] PHP Warning:  Undefined array key "nama_angkatan" in C:\xampp\htdocs\studexcopy\modules\presensi\index.php on line 176
[11-May-2026 20:55:52 Asia/Makassar] PHP Warning:  Undefined array key "nama_angkatan" in C:\xampp\htdocs\studexcopy\modules\presensi\index.php on line 176
[11-May-2026 20:55:52 Asia/Makassar] PHP Warning:  Undefined array key "nama_angkatan" in C:\xampp\htdocs\studexcopy\modules\presensi\index.php on line 176
[11-May-2026 20:56:22 Asia/Makassar] PHP Warning:  Undefined variable $a in C:\xampp\htdocs\studexcopy\modules\presensi\index.php on line 174
[11-May-2026 20:56:22 Asia/Makassar] PHP Warning:  Trying to access array offset on value of type null in C:\xampp\htdocs\studexcopy\modules\presensi\index.php on line 174
[11-May-2026 20:56:22 Asia/Makassar] PHP Warning:  Undefined variable $a in C:\xampp\htdocs\studexcopy\modules\presensi\index.php on line 174
[11-May-2026 20:56:22 Asia/Makassar] PHP Warning:  Trying to access array offset on value of type null in C:\xampp\htdocs\studexcopy\modules\presensi\index.php on line 174
[11-May-2026 20:56:22 Asia/Makassar] PHP Warning:  Undefined variable $a in C:\xampp\htdocs\studexcopy\modules\presensi\index.php on line 175
[11-May-2026 20:56:22 Asia/Makassar] PHP Warning:  Trying to access array offset on value of type null in C:\xampp\htdocs\studexcopy\modules\presensi\index.php on line 175
[11-May-2026 20:56:50 Asia/Makassar] PHP Warning:  Undefined array key "nama_angkatan" in C:\xampp\htdocs\studexcopy\modules\presensi\index.php on line 176
[11-May-2026 20:56:50 Asia/Makassar] PHP Warning:  Undefined array key "nama_angkatan" in C:\xampp\htdocs\studexcopy\modules\presensi\index.php on line 176
[11-May-2026 20:56:50 Asia/Makassar] PHP Warning:  Undefined array key "nama_angkatan" in C:\xampp\htdocs\studexcopy\modules\presensi\index.php on line 176
[11-May-2026 20:56:54 Asia/Makassar] PHP Warning:  Undefined array key "nama_angkatan" in C:\xampp\htdocs\studexcopy\modules\presensi\index.php on line 176
[11-May-2026 20:56:54 Asia/Makassar] PHP Warning:  Undefined array key "nama_angkatan" in C:\xampp\htdocs\studexcopy\modules\presensi\index.php on line 176
[11-May-2026 20:56:54 Asia/Makassar] PHP Warning:  Undefined array key "nama_angkatan" in C:\xampp\htdocs\studexcopy\modules\presensi\index.php on line 176
[11-May-2026 20:57:04 Asia/Makassar] PHP Fatal error:  Uncaught PDOException: SQLSTATE[42S22]: Column not found: 1054 Unknown column 's.nim' in 'field list' in C:\xampp\htdocs\studexcopy\modules\presensi\index.php:115
Stack trace:
#0 C:\xampp\htdocs\studexcopy\modules\presensi\index.php(115): PDO->prepare('SELECT s.id, s....')
#1 {main}
  thrown in C:\xampp\htdocs\studexcopy\modules\presensi\index.php on line 115
[11-May-2026 20:59:03 Asia/Makassar] PHP Fatal error:  Uncaught Error: Call to undefined function currentUserId() in C:\xampp\htdocs\studexcopy\modules\binjas\create.php:57
Stack trace:
#0 {main}
  thrown in C:\xampp\htdocs\studexcopy\modules\binjas\create.php on line 57
[11-May-2026 20:59:44 Asia/Makassar] PHP Fatal error:  Uncaught Error: Call to undefined function auth() in C:\xampp\htdocs\studexcopy\modules\binjas\create.php:57
Stack trace:
#0 {main}
  thrown in C:\xampp\htdocs\studexcopy\modules\binjas\create.php on line 57
[11-May-2026 20:59:55 Asia/Makassar] PHP Fatal error:  Uncaught PDOException: SQLSTATE[HY093]: Invalid parameter number in C:\xampp\htdocs\studexcopy\modules\binjas\create.php:50
Stack trace:
#0 C:\xampp\htdocs\studexcopy\modules\binjas\create.php(50): PDOStatement->execute(Array)
#1 {main}
  thrown in C:\xampp\htdocs\studexcopy\modules\binjas\create.php on line 50
[11-May-2026 21:02:40 Asia/Makassar] PHP Fatal error:  Uncaught Error: Call to undefined function auth() in C:\xampp\htdocs\studexcopy\modules\binjas\create.php:57
Stack trace:
#0 {main}
  thrown in C:\xampp\htdocs\studexcopy\modules\binjas\create.php on line 57
[11-May-2026 21:04:33 Asia/Makassar] PHP Warning:  require_once(C:\xampp\htdocs\studexcopy/views/partials/pagination.php): Failed to open stream: No such file or directory in C:\xampp\htdocs\studexcopy\modules\siswa\index.php on line 348
[11-May-2026 21:04:33 Asia/Makassar] PHP Fatal error:  Uncaught Error: Failed opening required 'C:\xampp\htdocs\studexcopy/views/partials/pagination.php' (include_path='C:\xampp\php\PEAR') in C:\xampp\htdocs\studexcopy\modules\siswa\index.php:348
Stack trace:
#0 {main}
  thrown in C:\xampp\htdocs\studexcopy\modules\siswa\index.php on line 348
[11-May-2026 21:04:38 Asia/Makassar] PHP Warning:  require_once(C:\xampp\htdocs\studexcopy/views/partials/pagination.php): Failed to open stream: No such file or directory in C:\xampp\htdocs\studexcopy\modules\siswa\index.php on line 348
[11-May-2026 21:04:38 Asia/Makassar] PHP Fatal error:  Uncaught Error: Failed opening required 'C:\xampp\htdocs\studexcopy/views/partials/pagination.php' (include_path='C:\xampp\php\PEAR') in C:\xampp\htdocs\studexcopy\modules\siswa\index.php:348
Stack trace:
#0 {main}
  thrown in C:\xampp\htdocs\studexcopy\modules\siswa\index.php on line 348
[11-May-2026 21:04:58 Asia/Makassar] PHP Warning:  require_once(C:\xampp\htdocs\studexcopy/views/partials/pagination.php): Failed to open stream: No such file or directory in C:\xampp\htdocs\studexcopy\modules\siswa\index.php on line 348
[11-May-2026 21:04:58 Asia/Makassar] PHP Fatal error:  Uncaught Error: Failed opening required 'C:\xampp\htdocs\studexcopy/views/partials/pagination.php' (include_path='C:\xampp\php\PEAR') in C:\xampp\htdocs\studexcopy\modules\siswa\index.php:348
Stack trace:
#0 {main}
  thrown in C:\xampp\htdocs\studexcopy\modules\siswa\index.php on line 348
[11-May-2026 21:05:03 Asia/Makassar] PHP Warning:  require_once(C:\xampp\htdocs\studexcopy/views/partials/pagination.php): Failed to open stream: No such file or directory in C:\xampp\htdocs\studexcopy\modules\siswa\index.php on line 348
[11-May-2026 21:05:03 Asia/Makassar] PHP Fatal error:  Uncaught Error: Failed opening required 'C:\xampp\htdocs\studexcopy/views/partials/pagination.php' (include_path='C:\xampp\php\PEAR') in C:\xampp\htdocs\studexcopy\modules\siswa\index.php:348
Stack trace:
#0 {main}
  thrown in C:\xampp\htdocs\studexcopy\modules\siswa\index.php on line 348
[11-May-2026 21:05:13 Asia/Makassar] PHP Warning:  require_once(C:\xampp\htdocs\studexcopy/views/partials/pagination.php): Failed to open stream: No such file or directory in C:\xampp\htdocs\studexcopy\modules\siswa\index.php on line 348
[11-May-2026 21:05:13 Asia/Makassar] PHP Fatal error:  Uncaught Error: Failed opening required 'C:\xampp\htdocs\studexcopy/views/partials/pagination.php' (include_path='C:\xampp\php\PEAR') in C:\xampp\htdocs\studexcopy\modules\siswa\index.php:348
Stack trace:
#0 {main}
  thrown in C:\xampp\htdocs\studexcopy\modules\siswa\index.php on line 348
[11-May-2026 21:05:24 Asia/Makassar] PHP Warning:  require_once(C:\xampp\htdocs\studexcopy/views/partials/pagination.php): Failed to open stream: No such file or directory in C:\xampp\htdocs\studexcopy\modules\siswa\index.php on line 348
[11-May-2026 21:05:24 Asia/Makassar] PHP Fatal error:  Uncaught Error: Failed opening required 'C:\xampp\htdocs\studexcopy/views/partials/pagination.php' (include_path='C:\xampp\php\PEAR') in C:\xampp\htdocs\studexcopy\modules\siswa\index.php:348
Stack trace:
#0 {main}
  thrown in C:\xampp\htdocs\studexcopy\modules\siswa\index.php on line 348
[11-May-2026 21:05:26 Asia/Makassar] PHP Warning:  require_once(C:\xampp\htdocs\studexcopy/views/partials/pagination.php): Failed to open stream: No such file or directory in C:\xampp\htdocs\studexcopy\modules\siswa\index.php on line 348
[11-May-2026 21:05:26 Asia/Makassar] PHP Fatal error:  Uncaught Error: Failed opening required 'C:\xampp\htdocs\studexcopy/views/partials/pagination.php' (include_path='C:\xampp\php\PEAR') in C:\xampp\htdocs\studexcopy\modules\siswa\index.php:348
Stack trace:
#0 {main}
  thrown in C:\xampp\htdocs\studexcopy\modules\siswa\index.php on line 348
[11-May-2026 21:07:14 Asia/Makassar] PHP Fatal error:  Uncaught PDOException: SQLSTATE[42S22]: Column not found: 1054 Unknown column 'nama_angkatan' in 'field list' in C:\xampp\htdocs\studexcopy\modules\jadwal\index.php:13
Stack trace:
#0 C:\xampp\htdocs\studexcopy\modules\jadwal\index.php(13): PDO->query('SELECT id, nama...')
#1 {main}
  thrown in C:\xampp\htdocs\studexcopy\modules\jadwal\index.php on line 13
[11-May-2026 21:07:56 Asia/Makassar] PHP Warning:  Undefined array key "nama_angkatan" in C:\xampp\htdocs\studexcopy\modules\jadwal\index.php on line 34
[11-May-2026 21:07:56 Asia/Makassar] PHP Warning:  Undefined array key "nama_angkatan" in C:\xampp\htdocs\studexcopy\modules\jadwal\index.php on line 34
[11-May-2026 21:07:56 Asia/Makassar] PHP Warning:  Undefined array key "nama_angkatan" in C:\xampp\htdocs\studexcopy\modules\jadwal\index.php on line 34
[11-May-2026 21:07:56 Asia/Makassar] PHP Fatal error:  Uncaught PDOException: SQLSTATE[42S22]: Column not found: 1054 Unknown column 'a.nama_angkatan' in 'field list' in C:\xampp\htdocs\studexcopy\modules\jadwal\get_events.php:32
Stack trace:
#0 C:\xampp\htdocs\studexcopy\modules\jadwal\get_events.php(32): PDO->prepare('SELECT r.id, r....')
#1 {main}
  thrown in C:\xampp\htdocs\studexcopy\modules\jadwal\get_events.php on line 32
[11-May-2026 21:08:03 Asia/Makassar] PHP Fatal error:  Uncaught PDOException: SQLSTATE[42S22]: Column not found: 1054 Unknown column 'a.nama_angkatan' in 'field list' in C:\xampp\htdocs\studexcopy\modules\jadwal\get_events.php:32
Stack trace:
#0 C:\xampp\htdocs\studexcopy\modules\jadwal\get_events.php(32): PDO->prepare('SELECT r.id, r....')
#1 {main}
  thrown in C:\xampp\htdocs\studexcopy\modules\jadwal\get_events.php on line 32
[11-May-2026 21:08:04 Asia/Makassar] PHP Fatal error:  Uncaught PDOException: SQLSTATE[42S22]: Column not found: 1054 Unknown column 'a.nama_angkatan' in 'field list' in C:\xampp\htdocs\studexcopy\modules\jadwal\get_events.php:32
Stack trace:
#0 C:\xampp\htdocs\studexcopy\modules\jadwal\get_events.php(32): PDO->prepare('SELECT r.id, r....')
#1 {main}
  thrown in C:\xampp\htdocs\studexcopy\modules\jadwal\get_events.php on line 32
[11-May-2026 21:08:05 Asia/Makassar] PHP Fatal error:  Uncaught PDOException: SQLSTATE[42S22]: Column not found: 1054 Unknown column 'a.nama_angkatan' in 'field list' in C:\xampp\htdocs\studexcopy\modules\jadwal\get_events.php:32
Stack trace:
#0 C:\xampp\htdocs\studexcopy\modules\jadwal\get_events.php(32): PDO->prepare('SELECT r.id, r....')
#1 {main}
  thrown in C:\xampp\htdocs\studexcopy\modules\jadwal\get_events.php on line 32
[11-May-2026 21:08:06 Asia/Makassar] PHP Fatal error:  Uncaught PDOException: SQLSTATE[42S22]: Column not found: 1054 Unknown column 'a.nama_angkatan' in 'field list' in C:\xampp\htdocs\studexcopy\modules\jadwal\get_events.php:32
Stack trace:
#0 C:\xampp\htdocs\studexcopy\modules\jadwal\get_events.php(32): PDO->prepare('SELECT r.id, r....')
#1 {main}
  thrown in C:\xampp\htdocs\studexcopy\modules\jadwal\get_events.php on line 32
[11-May-2026 21:08:06 Asia/Makassar] PHP Fatal error:  Uncaught PDOException: SQLSTATE[42S22]: Column not found: 1054 Unknown column 'a.nama_angkatan' in 'field list' in C:\xampp\htdocs\studexcopy\modules\jadwal\get_events.php:32
Stack trace:
#0 C:\xampp\htdocs\studexcopy\modules\jadwal\get_events.php(32): PDO->prepare('SELECT r.id, r....')
#1 {main}
  thrown in C:\xampp\htdocs\studexcopy\modules\jadwal\get_events.php on line 32
[11-May-2026 21:08:06 Asia/Makassar] PHP Fatal error:  Uncaught PDOException: SQLSTATE[42S22]: Column not found: 1054 Unknown column 'a.nama_angkatan' in 'field list' in C:\xampp\htdocs\studexcopy\modules\jadwal\get_events.php:32
Stack trace:
#0 C:\xampp\htdocs\studexcopy\modules\jadwal\get_events.php(32): PDO->prepare('SELECT r.id, r....')
#1 {main}
  thrown in C:\xampp\htdocs\studexcopy\modules\jadwal\get_events.php on line 32
[11-May-2026 21:08:06 Asia/Makassar] PHP Fatal error:  Uncaught PDOException: SQLSTATE[42S22]: Column not found: 1054 Unknown column 'a.nama_angkatan' in 'field list' in C:\xampp\htdocs\studexcopy\modules\jadwal\get_events.php:32
Stack trace:
#0 C:\xampp\htdocs\studexcopy\modules\jadwal\get_events.php(32): PDO->prepare('SELECT r.id, r....')
#1 {main}
  thrown in C:\xampp\htdocs\studexcopy\modules\jadwal\get_events.php on line 32
[11-May-2026 21:08:07 Asia/Makassar] PHP Fatal error:  Uncaught PDOException: SQLSTATE[42S22]: Column not found: 1054 Unknown column 'a.nama_angkatan' in 'field list' in C:\xampp\htdocs\studexcopy\modules\jadwal\get_events.php:32
Stack trace:
#0 C:\xampp\htdocs\studexcopy\modules\jadwal\get_events.php(32): PDO->prepare('SELECT r.id, r....')
#1 {main}
  thrown in C:\xampp\htdocs\studexcopy\modules\jadwal\get_events.php on line 32
[11-May-2026 21:08:07 Asia/Makassar] PHP Fatal error:  Uncaught PDOException: SQLSTATE[42S22]: Column not found: 1054 Unknown column 'a.nama_angkatan' in 'field list' in C:\xampp\htdocs\studexcopy\modules\jadwal\get_events.php:32
Stack trace:
#0 C:\xampp\htdocs\studexcopy\modules\jadwal\get_events.php(32): PDO->prepare('SELECT r.id, r....')
#1 {main}
  thrown in C:\xampp\htdocs\studexcopy\modules\jadwal\get_events.php on line 32
[11-May-2026 21:08:07 Asia/Makassar] PHP Fatal error:  Uncaught PDOException: SQLSTATE[42S22]: Column not found: 1054 Unknown column 'a.nama_angkatan' in 'field list' in C:\xampp\htdocs\studexcopy\modules\jadwal\get_events.php:32
Stack trace:
#0 C:\xampp\htdocs\studexcopy\modules\jadwal\get_events.php(32): PDO->prepare('SELECT r.id, r....')
#1 {main}
  thrown in C:\xampp\htdocs\studexcopy\modules\jadwal\get_events.php on line 32
[11-May-2026 21:08:08 Asia/Makassar] PHP Fatal error:  Uncaught PDOException: SQLSTATE[42S22]: Column not found: 1054 Unknown column 'a.nama_angkatan' in 'field list' in C:\xampp\htdocs\studexcopy\modules\jadwal\get_events.php:32
Stack trace:
#0 C:\xampp\htdocs\studexcopy\modules\jadwal\get_events.php(32): PDO->prepare('SELECT r.id, r....')
#1 {main}
  thrown in C:\xampp\htdocs\studexcopy\modules\jadwal\get_events.php on line 32
[11-May-2026 21:09:13 Asia/Makassar] PHP Fatal error:  Uncaught PDOException: SQLSTATE[42S22]: Column not found: 1054 Unknown column 'is_active' in 'field list' in C:\xampp\htdocs\studexcopy\modules\rabuan\upload_notulensi.php:24
Stack trace:
#0 C:\xampp\htdocs\studexcopy\modules\rabuan\upload_notulensi.php(24): PDO->query('SELECT modul, f...')
#1 {main}
  thrown in C:\xampp\htdocs\studexcopy\modules\rabuan\upload_notulensi.php on line 24
[11-May-2026 21:12:28 Asia/Makassar] PHP Fatal error:  Uncaught Error: Call to undefined function flash() in C:\xampp\htdocs\studexcopy\modules\users\profile.php:181
Stack trace:
#0 {main}
  thrown in C:\xampp\htdocs\studexcopy\modules\users\profile.php on line 181
[11-May-2026 21:13:22 Asia/Makassar] PHP Fatal error:  Uncaught PDOException: SQLSTATE[42S22]: Column not found: 1054 Unknown column 'updated_at' in 'field list' in C:\xampp\htdocs\studexcopy\modules\binjas\standarisasi.php:75
Stack trace:
#0 C:\xampp\htdocs\studexcopy\modules\binjas\standarisasi.php(75): PDO->prepare('\r\n            I...')
#1 {main}
  thrown in C:\xampp\htdocs\studexcopy\modules\binjas\standarisasi.php on line 75
[11-May-2026 21:14:14 Asia/Makassar] PHP Fatal error:  Uncaught Error: Call to undefined function auth() in C:\xampp\htdocs\studexcopy\modules\binjas\create.php:58
Stack trace:
#0 {main}
  thrown in C:\xampp\htdocs\studexcopy\modules\binjas\create.php on line 58
[11-May-2026 21:14:30 Asia/Makassar] PHP Fatal error:  Uncaught Error: Call to undefined function auth() in C:\xampp\htdocs\studexcopy\modules\binjas\create.php:58
Stack trace:
#0 {main}
  thrown in C:\xampp\htdocs\studexcopy\modules\binjas\create.php on line 58
[11-May-2026 21:15:53 Asia/Makassar] PHP Fatal error:  Uncaught PDOException: SQLSTATE[42S22]: Column not found: 1054 Unknown column 'is_active' in 'field list' in C:\xampp\htdocs\studexcopy\modules\rabuan\upload_notulensi.php:24
Stack trace:
#0 C:\xampp\htdocs\studexcopy\modules\rabuan\upload_notulensi.php(24): PDO->query('SELECT modul, f...')
#1 {main}
  thrown in C:\xampp\htdocs\studexcopy\modules\rabuan\upload_notulensi.php on line 24
[11-May-2026 21:16:32 Asia/Makassar] PHP Warning:  Undefined array key "nama_angkatan" in C:\xampp\htdocs\studexcopy\modules\jadwal\index.php on line 34
[11-May-2026 21:16:32 Asia/Makassar] PHP Warning:  Undefined array key "nama_angkatan" in C:\xampp\htdocs\studexcopy\modules\jadwal\index.php on line 34
[11-May-2026 21:16:32 Asia/Makassar] PHP Warning:  Undefined array key "nama_angkatan" in C:\xampp\htdocs\studexcopy\modules\jadwal\index.php on line 34
[11-May-2026 21:16:33 Asia/Makassar] PHP Fatal error:  Uncaught PDOException: SQLSTATE[42S22]: Column not found: 1054 Unknown column 'a.nama_angkatan' in 'field list' in C:\xampp\htdocs\studexcopy\modules\jadwal\get_events.php:32
Stack trace:
#0 C:\xampp\htdocs\studexcopy\modules\jadwal\get_events.php(32): PDO->prepare('SELECT r.id, r....')
#1 {main}
  thrown in C:\xampp\htdocs\studexcopy\modules\jadwal\get_events.php on line 32
[11-May-2026 21:16:39 Asia/Makassar] PHP Fatal error:  Uncaught PDOException: SQLSTATE[42S22]: Column not found: 1054 Unknown column 'a.nama_angkatan' in 'field list' in C:\xampp\htdocs\studexcopy\modules\jadwal\get_events.php:32
Stack trace:
#0 C:\xampp\htdocs\studexcopy\modules\jadwal\get_events.php(32): PDO->prepare('SELECT r.id, r....')
#1 {main}
  thrown in C:\xampp\htdocs\studexcopy\modules\jadwal\get_events.php on line 32
[11-May-2026 21:16:39 Asia/Makassar] PHP Fatal error:  Uncaught PDOException: SQLSTATE[42S22]: Column not found: 1054 Unknown column 'a.nama_angkatan' in 'field list' in C:\xampp\htdocs\studexcopy\modules\jadwal\get_events.php:32
Stack trace:
#0 C:\xampp\htdocs\studexcopy\modules\jadwal\get_events.php(32): PDO->prepare('SELECT r.id, r....')
#1 {main}
  thrown in C:\xampp\htdocs\studexcopy\modules\jadwal\get_events.php on line 32
[11-May-2026 21:16:40 Asia/Makassar] PHP Fatal error:  Uncaught PDOException: SQLSTATE[42S22]: Column not found: 1054 Unknown column 'a.nama_angkatan' in 'field list' in C:\xampp\htdocs\studexcopy\modules\jadwal\get_events.php:32
Stack trace:
#0 C:\xampp\htdocs\studexcopy\modules\jadwal\get_events.php(32): PDO->prepare('SELECT r.id, r....')
#1 {main}
  thrown in C:\xampp\htdocs\studexcopy\modules\jadwal\get_events.php on line 32
[11-May-2026 21:16:41 Asia/Makassar] PHP Fatal error:  Uncaught PDOException: SQLSTATE[42S22]: Column not found: 1054 Unknown column 'a.nama_angkatan' in 'field list' in C:\xampp\htdocs\studexcopy\modules\jadwal\get_events.php:32
Stack trace:
#0 C:\xampp\htdocs\studexcopy\modules\jadwal\get_events.php(32): PDO->prepare('SELECT r.id, r....')
#1 {main}
  thrown in C:\xampp\htdocs\studexcopy\modules\jadwal\get_events.php on line 32
[11-May-2026 21:16:56 Asia/Makassar] PHP Fatal error:  Uncaught PDOException: SQLSTATE[42S22]: Column not found: 1054 Unknown column 'a.nama_angkatan' in 'field list' in C:\xampp\htdocs\studexcopy\modules\jadwal\get_events.php:32
Stack trace:
#0 C:\xampp\htdocs\studexcopy\modules\jadwal\get_events.php(32): PDO->prepare('SELECT r.id, r....')
#1 {main}
  thrown in C:\xampp\htdocs\studexcopy\modules\jadwal\get_events.php on line 32
[11-May-2026 21:17:00 Asia/Makassar] PHP Fatal error:  Uncaught PDOException: SQLSTATE[42S22]: Column not found: 1054 Unknown column 'a.nama_angkatan' in 'field list' in C:\xampp\htdocs\studexcopy\modules\jadwal\get_events.php:32
Stack trace:
#0 C:\xampp\htdocs\studexcopy\modules\jadwal\get_events.php(32): PDO->prepare('SELECT r.id, r....')
#1 {main}
  thrown in C:\xampp\htdocs\studexcopy\modules\jadwal\get_events.php on line 32
[11-May-2026 21:17:00 Asia/Makassar] PHP Fatal error:  Uncaught PDOException: SQLSTATE[42S22]: Column not found: 1054 Unknown column 'a.nama_angkatan' in 'field list' in C:\xampp\htdocs\studexcopy\modules\jadwal\get_events.php:32
Stack trace:
#0 C:\xampp\htdocs\studexcopy\modules\jadwal\get_events.php(32): PDO->prepare('SELECT r.id, r....')
#1 {main}
  thrown in C:\xampp\htdocs\studexcopy\modules\jadwal\get_events.php on line 32
[11-May-2026 21:17:00 Asia/Makassar] PHP Fatal error:  Uncaught PDOException: SQLSTATE[42S22]: Column not found: 1054 Unknown column 'a.nama_angkatan' in 'field list' in C:\xampp\htdocs\studexcopy\modules\jadwal\get_events.php:32
Stack trace:
#0 C:\xampp\htdocs\studexcopy\modules\jadwal\get_events.php(32): PDO->prepare('SELECT r.id, r....')
#1 {main}
  thrown in C:\xampp\htdocs\studexcopy\modules\jadwal\get_events.php on line 32
[11-May-2026 21:17:00 Asia/Makassar] PHP Fatal error:  Uncaught PDOException: SQLSTATE[42S22]: Column not found: 1054 Unknown column 'a.nama_angkatan' in 'field list' in C:\xampp\htdocs\studexcopy\modules\jadwal\get_events.php:32
Stack trace:
#0 C:\xampp\htdocs\studexcopy\modules\jadwal\get_events.php(32): PDO->prepare('SELECT r.id, r....')
#1 {main}
  thrown in C:\xampp\htdocs\studexcopy\modules\jadwal\get_events.php on line 32
[11-May-2026 21:17:00 Asia/Makassar] PHP Fatal error:  Uncaught PDOException: SQLSTATE[42S22]: Column not found: 1054 Unknown column 'a.nama_angkatan' in 'field list' in C:\xampp\htdocs\studexcopy\modules\jadwal\get_events.php:32
Stack trace:
#0 C:\xampp\htdocs\studexcopy\modules\jadwal\get_events.php(32): PDO->prepare('SELECT r.id, r....')
#1 {main}
  thrown in C:\xampp\htdocs\studexcopy\modules\jadwal\get_events.php on line 32
[11-May-2026 21:17:02 Asia/Makassar] PHP Fatal error:  Uncaught PDOException: SQLSTATE[42S22]: Column not found: 1054 Unknown column 'a.nama_angkatan' in 'field list' in C:\xampp\htdocs\studexcopy\modules\jadwal\get_events.php:32
Stack trace:
#0 C:\xampp\htdocs\studexcopy\modules\jadwal\get_events.php(32): PDO->prepare('SELECT r.id, r....')
#1 {main}
  thrown in C:\xampp\htdocs\studexcopy\modules\jadwal\get_events.php on line 32
[11-May-2026 21:18:30 Asia/Makassar] PHP Fatal error:  Uncaught PDOException: SQLSTATE[42S22]: Column not found: 1054 Unknown column 'judul' in 'field list' in C:\xampp\htdocs\studexcopy\modules\mentoring\create.php:57
Stack trace:
#0 C:\xampp\htdocs\studexcopy\modules\mentoring\create.php(57): PDO->prepare('\r\n            I...')
#1 {main}
  thrown in C:\xampp\htdocs\studexcopy\modules\mentoring\create.php on line 57
[11-May-2026 21:24:59 Asia/Makassar] PHP Fatal error:  Uncaught PDOException: SQLSTATE[42S22]: Column not found: 1054 Unknown column 's.nomor_induk' in 'field list' in C:\xampp\htdocs\studexcopy\modules\binjas\detail.php:54
Stack trace:
#0 C:\xampp\htdocs\studexcopy\modules\binjas\detail.php(54): PDO->prepare('\r\n    SELECT bs...')
#1 {main}
  thrown in C:\xampp\htdocs\studexcopy\modules\binjas\detail.php on line 54
[11-May-2026 21:25:29 Asia/Makassar] PHP Fatal error:  Uncaught PDOException: SQLSTATE[42S22]: Column not found: 1054 Unknown column 's.nomor_induk' in 'field list' in C:\xampp\htdocs\studexcopy\modules\binjas\detail.php:54
Stack trace:
#0 C:\xampp\htdocs\studexcopy\modules\binjas\detail.php(54): PDO->prepare('\r\n    SELECT bs...')
#1 {main}
  thrown in C:\xampp\htdocs\studexcopy\modules\binjas\detail.php on line 54
[11-May-2026 21:25:30 Asia/Makassar] PHP Fatal error:  Uncaught PDOException: SQLSTATE[42S22]: Column not found: 1054 Unknown column 's.nomor_induk' in 'field list' in C:\xampp\htdocs\studexcopy\modules\binjas\detail.php:54
Stack trace:
#0 C:\xampp\htdocs\studexcopy\modules\binjas\detail.php(54): PDO->prepare('\r\n    SELECT bs...')
#1 {main}
  thrown in C:\xampp\htdocs\studexcopy\modules\binjas\detail.php on line 54
[11-May-2026 21:25:30 Asia/Makassar] PHP Fatal error:  Uncaught PDOException: SQLSTATE[42S22]: Column not found: 1054 Unknown column 's.nomor_induk' in 'field list' in C:\xampp\htdocs\studexcopy\modules\binjas\detail.php:54
Stack trace:
#0 C:\xampp\htdocs\studexcopy\modules\binjas\detail.php(54): PDO->prepare('\r\n    SELECT bs...')
#1 {main}
  thrown in C:\xampp\htdocs\studexcopy\modules\binjas\detail.php on line 54
[11-May-2026 21:25:30 Asia/Makassar] PHP Fatal error:  Uncaught PDOException: SQLSTATE[42S22]: Column not found: 1054 Unknown column 's.nomor_induk' in 'field list' in C:\xampp\htdocs\studexcopy\modules\binjas\detail.php:54
Stack trace:
#0 C:\xampp\htdocs\studexcopy\modules\binjas\detail.php(54): PDO->prepare('\r\n    SELECT bs...')
#1 {main}
  thrown in C:\xampp\htdocs\studexcopy\modules\binjas\detail.php on line 54
[11-May-2026 21:25:31 Asia/Makassar] PHP Fatal error:  Uncaught PDOException: SQLSTATE[42S22]: Column not found: 1054 Unknown column 's.nomor_induk' in 'field list' in C:\xampp\htdocs\studexcopy\modules\binjas\detail.php:54
Stack trace:
#0 C:\xampp\htdocs\studexcopy\modules\binjas\detail.php(54): PDO->prepare('\r\n    SELECT bs...')
#1 {main}
  thrown in C:\xampp\htdocs\studexcopy\modules\binjas\detail.php on line 54
[11-May-2026 21:27:00 Asia/Makassar] PHP Fatal error:  Uncaught PDOException: SQLSTATE[42S22]: Column not found: 1054 Unknown column 's.nomor_induk' in 'field list' in C:\xampp\htdocs\studexcopy\modules\binjas\detail.php:54
Stack trace:
#0 C:\xampp\htdocs\studexcopy\modules\binjas\detail.php(54): PDO->prepare('\r\n    SELECT bs...')
#1 {main}
  thrown in C:\xampp\htdocs\studexcopy\modules\binjas\detail.php on line 54
[12-May-2026 09:55:39 Asia/Makassar] PHP Warning:  Undefined array key "nama_angkatan" in C:\xampp\htdocs\studexcopy\modules\jadwal\index.php on line 34
[12-May-2026 09:55:39 Asia/Makassar] PHP Warning:  Undefined array key "nama_angkatan" in C:\xampp\htdocs\studexcopy\modules\jadwal\index.php on line 34
[12-May-2026 09:55:39 Asia/Makassar] PHP Warning:  Undefined array key "nama_angkatan" in C:\xampp\htdocs\studexcopy\modules\jadwal\index.php on line 34
[12-May-2026 09:55:39 Asia/Makassar] PHP Fatal error:  Uncaught PDOException: SQLSTATE[42S22]: Column not found: 1054 Unknown column 'a.nama_angkatan' in 'field list' in C:\xampp\htdocs\studexcopy\modules\jadwal\get_events.php:32
Stack trace:
#0 C:\xampp\htdocs\studexcopy\modules\jadwal\get_events.php(32): PDO->prepare('SELECT r.id, r....')
#1 {main}
  thrown in C:\xampp\htdocs\studexcopy\modules\jadwal\get_events.php on line 32
[12-May-2026 09:55:43 Asia/Makassar] PHP Fatal error:  Uncaught PDOException: SQLSTATE[42S22]: Column not found: 1054 Unknown column 'a.nama_angkatan' in 'field list' in C:\xampp\htdocs\studexcopy\modules\jadwal\get_events.php:32
Stack trace:
#0 C:\xampp\htdocs\studexcopy\modules\jadwal\get_events.php(32): PDO->prepare('SELECT r.id, r....')
#1 {main}
  thrown in C:\xampp\htdocs\studexcopy\modules\jadwal\get_events.php on line 32
[12-May-2026 09:55:44 Asia/Makassar] PHP Fatal error:  Uncaught PDOException: SQLSTATE[42S22]: Column not found: 1054 Unknown column 'a.nama_angkatan' in 'field list' in C:\xampp\htdocs\studexcopy\modules\jadwal\get_events.php:32
Stack trace:
#0 C:\xampp\htdocs\studexcopy\modules\jadwal\get_events.php(32): PDO->prepare('SELECT r.id, r....')
#1 {main}
  thrown in C:\xampp\htdocs\studexcopy\modules\jadwal\get_events.php on line 32
[12-May-2026 09:57:41 Asia/Makassar] PHP Fatal error:  Uncaught Error: Call to undefined function currentUserId() in C:\xampp\htdocs\studexcopy\modules\operasional\create.php:67
Stack trace:
#0 {main}
  thrown in C:\xampp\htdocs\studexcopy\modules\operasional\create.php on line 67
[12-May-2026 10:14:36 Asia/Makassar] PHP Fatal error:  Uncaught PDOException: SQLSTATE[42S22]: Column not found: 1054 Unknown column 'judul' in 'field list' in C:\xampp\htdocs\studexcopy\modules\mentoring\create.php:57
Stack trace:
#0 C:\xampp\htdocs\studexcopy\modules\mentoring\create.php(57): PDO->prepare('\r\n            I...')
#1 {main}
  thrown in C:\xampp\htdocs\studexcopy\modules\mentoring\create.php on line 57
[12-May-2026 10:18:20 Asia/Makassar] PHP Fatal error:  Uncaught PDOException: SQLSTATE[42S22]: Column not found: 1054 Unknown column 'is_active' in 'field list' in C:\xampp\htdocs\studexcopy\modules\rabuan\upload_notulensi.php:24
Stack trace:
#0 C:\xampp\htdocs\studexcopy\modules\rabuan\upload_notulensi.php(24): PDO->query('SELECT modul, f...')
#1 {main}
  thrown in C:\xampp\htdocs\studexcopy\modules\rabuan\upload_notulensi.php on line 24
[12-May-2026 10:19:03 Asia/Makassar] PHP Warning:  Undefined array key "nama_angkatan" in C:\xampp\htdocs\studexcopy\modules\jadwal\index.php on line 34
[12-May-2026 10:19:03 Asia/Makassar] PHP Warning:  Undefined array key "nama_angkatan" in C:\xampp\htdocs\studexcopy\modules\jadwal\index.php on line 34
[12-May-2026 10:19:03 Asia/Makassar] PHP Warning:  Undefined array key "nama_angkatan" in C:\xampp\htdocs\studexcopy\modules\jadwal\index.php on line 34
[12-May-2026 10:19:04 Asia/Makassar] PHP Fatal error:  Uncaught PDOException: SQLSTATE[42S22]: Column not found: 1054 Unknown column 'a.nama_angkatan' in 'field list' in C:\xampp\htdocs\studexcopy\modules\jadwal\get_events.php:32
Stack trace:
#0 C:\xampp\htdocs\studexcopy\modules\jadwal\get_events.php(32): PDO->prepare('SELECT r.id, r....')
#1 {main}
  thrown in C:\xampp\htdocs\studexcopy\modules\jadwal\get_events.php on line 32
[12-May-2026 10:19:40 Asia/Makassar] PHP Fatal error:  Uncaught PDOException: SQLSTATE[42S22]: Column not found: 1054 Unknown column 'updated_at' in 'field list' in C:\xampp\htdocs\studexcopy\modules\binjas\standarisasi.php:108
Stack trace:
#0 C:\xampp\htdocs\studexcopy\modules\binjas\standarisasi.php(108): PDO->prepare('\r\n             ...')
#1 {main}
  thrown in C:\xampp\htdocs\studexcopy\modules\binjas\standarisasi.php on line 108
[12-May-2026 10:20:36 Asia/Makassar] PHP Fatal error:  Uncaught PDOException: SQLSTATE[42S22]: Column not found: 1054 Unknown column 'updated_at' in 'field list' in C:\xampp\htdocs\studexcopy\modules\binjas\standarisasi.php:75
Stack trace:
#0 C:\xampp\htdocs\studexcopy\modules\binjas\standarisasi.php(75): PDO->prepare('\r\n            I...')
#1 {main}
  thrown in C:\xampp\htdocs\studexcopy\modules\binjas\standarisasi.php on line 75
[12-May-2026 10:21:51 Asia/Makassar] PHP Warning:  Undefined array key "nama_angkatan" in C:\xampp\htdocs\studexcopy\modules\jadwal\index.php on line 34
[12-May-2026 10:21:51 Asia/Makassar] PHP Warning:  Undefined array key "nama_angkatan" in C:\xampp\htdocs\studexcopy\modules\jadwal\index.php on line 34
[12-May-2026 10:21:51 Asia/Makassar] PHP Warning:  Undefined array key "nama_angkatan" in C:\xampp\htdocs\studexcopy\modules\jadwal\index.php on line 34
[12-May-2026 10:21:51 Asia/Makassar] PHP Fatal error:  Uncaught PDOException: SQLSTATE[42S22]: Column not found: 1054 Unknown column 'a.nama_angkatan' in 'field list' in C:\xampp\htdocs\studexcopy\modules\jadwal\get_events.php:32
Stack trace:
#0 C:\xampp\htdocs\studexcopy\modules\jadwal\get_events.php(32): PDO->prepare('SELECT r.id, r....')
#1 {main}
  thrown in C:\xampp\htdocs\studexcopy\modules\jadwal\get_events.php on line 32
[12-May-2026 10:21:53 Asia/Makassar] PHP Fatal error:  Uncaught PDOException: SQLSTATE[42S22]: Column not found: 1054 Unknown column 'a.nama_angkatan' in 'field list' in C:\xampp\htdocs\studexcopy\modules\jadwal\get_events.php:32
Stack trace:
#0 C:\xampp\htdocs\studexcopy\modules\jadwal\get_events.php(32): PDO->prepare('SELECT r.id, r....')
#1 {main}
  thrown in C:\xampp\htdocs\studexcopy\modules\jadwal\get_events.php on line 32
[12-May-2026 10:21:54 Asia/Makassar] PHP Fatal error:  Uncaught PDOException: SQLSTATE[42S22]: Column not found: 1054 Unknown column 'a.nama_angkatan' in 'field list' in C:\xampp\htdocs\studexcopy\modules\jadwal\get_events.php:32
Stack trace:
#0 C:\xampp\htdocs\studexcopy\modules\jadwal\get_events.php(32): PDO->prepare('SELECT r.id, r....')
#1 {main}
  thrown in C:\xampp\htdocs\studexcopy\modules\jadwal\get_events.php on line 32
[12-May-2026 10:21:54 Asia/Makassar] PHP Fatal error:  Uncaught PDOException: SQLSTATE[42S22]: Column not found: 1054 Unknown column 'a.nama_angkatan' in 'field list' in C:\xampp\htdocs\studexcopy\modules\jadwal\get_events.php:32
Stack trace:
#0 C:\xampp\htdocs\studexcopy\modules\jadwal\get_events.php(32): PDO->prepare('SELECT r.id, r....')
#1 {main}
  thrown in C:\xampp\htdocs\studexcopy\modules\jadwal\get_events.php on line 32
[12-May-2026 10:21:54 Asia/Makassar] PHP Fatal error:  Uncaught PDOException: SQLSTATE[42S22]: Column not found: 1054 Unknown column 'a.nama_angkatan' in 'field list' in C:\xampp\htdocs\studexcopy\modules\jadwal\get_events.php:32
Stack trace:
#0 C:\xampp\htdocs\studexcopy\modules\jadwal\get_events.php(32): PDO->prepare('SELECT r.id, r....')
#1 {main}
  thrown in C:\xampp\htdocs\studexcopy\modules\jadwal\get_events.php on line 32
[12-May-2026 10:21:54 Asia/Makassar] PHP Fatal error:  Uncaught PDOException: SQLSTATE[42S22]: Column not found: 1054 Unknown column 'a.nama_angkatan' in 'field list' in C:\xampp\htdocs\studexcopy\modules\jadwal\get_events.php:32
Stack trace:
#0 C:\xampp\htdocs\studexcopy\modules\jadwal\get_events.php(32): PDO->prepare('SELECT r.id, r....')
#1 {main}
  thrown in C:\xampp\htdocs\studexcopy\modules\jadwal\get_events.php on line 32
[12-May-2026 10:21:54 Asia/Makassar] PHP Fatal error:  Uncaught PDOException: SQLSTATE[42S22]: Column not found: 1054 Unknown column 'a.nama_angkatan' in 'field list' in C:\xampp\htdocs\studexcopy\modules\jadwal\get_events.php:32
Stack trace:
#0 C:\xampp\htdocs\studexcopy\modules\jadwal\get_events.php(32): PDO->prepare('SELECT r.id, r....')
#1 {main}
  thrown in C:\xampp\htdocs\studexcopy\modules\jadwal\get_events.php on line 32
[12-May-2026 10:21:54 Asia/Makassar] PHP Fatal error:  Uncaught PDOException: SQLSTATE[42S22]: Column not found: 1054 Unknown column 'a.nama_angkatan' in 'field list' in C:\xampp\htdocs\studexcopy\modules\jadwal\get_events.php:32
Stack trace:
#0 C:\xampp\htdocs\studexcopy\modules\jadwal\get_events.php(32): PDO->prepare('SELECT r.id, r....')
#1 {main}
  thrown in C:\xampp\htdocs\studexcopy\modules\jadwal\get_events.php on line 32
[12-May-2026 10:21:55 Asia/Makassar] PHP Fatal error:  Uncaught PDOException: SQLSTATE[42S22]: Column not found: 1054 Unknown column 'a.nama_angkatan' in 'field list' in C:\xampp\htdocs\studexcopy\modules\jadwal\get_events.php:32
Stack trace:
#0 C:\xampp\htdocs\studexcopy\modules\jadwal\get_events.php(32): PDO->prepare('SELECT r.id, r....')
#1 {main}
  thrown in C:\xampp\htdocs\studexcopy\modules\jadwal\get_events.php on line 32
[12-May-2026 10:21:55 Asia/Makassar] PHP Fatal error:  Uncaught PDOException: SQLSTATE[42S22]: Column not found: 1054 Unknown column 'a.nama_angkatan' in 'field list' in C:\xampp\htdocs\studexcopy\modules\jadwal\get_events.php:32
Stack trace:
#0 C:\xampp\htdocs\studexcopy\modules\jadwal\get_events.php(32): PDO->prepare('SELECT r.id, r....')
#1 {main}
  thrown in C:\xampp\htdocs\studexcopy\modules\jadwal\get_events.php on line 32
[12-May-2026 10:21:55 Asia/Makassar] PHP Fatal error:  Uncaught PDOException: SQLSTATE[42S22]: Column not found: 1054 Unknown column 'a.nama_angkatan' in 'field list' in C:\xampp\htdocs\studexcopy\modules\jadwal\get_events.php:32
Stack trace:
#0 C:\xampp\htdocs\studexcopy\modules\jadwal\get_events.php(32): PDO->prepare('SELECT r.id, r....')
#1 {main}
  thrown in C:\xampp\htdocs\studexcopy\modules\jadwal\get_events.php on line 32
[12-May-2026 10:21:55 Asia/Makassar] PHP Fatal error:  Uncaught PDOException: SQLSTATE[42S22]: Column not found: 1054 Unknown column 'a.nama_angkatan' in 'field list' in C:\xampp\htdocs\studexcopy\modules\jadwal\get_events.php:32
Stack trace:
#0 C:\xampp\htdocs\studexcopy\modules\jadwal\get_events.php(32): PDO->prepare('SELECT r.id, r....')
#1 {main}
  thrown in C:\xampp\htdocs\studexcopy\modules\jadwal\get_events.php on line 32
[12-May-2026 10:21:55 Asia/Makassar] PHP Fatal error:  Uncaught PDOException: SQLSTATE[42S22]: Column not found: 1054 Unknown column 'a.nama_angkatan' in 'field list' in C:\xampp\htdocs\studexcopy\modules\jadwal\get_events.php:32
Stack trace:
#0 C:\xampp\htdocs\studexcopy\modules\jadwal\get_events.php(32): PDO->prepare('SELECT r.id, r....')
#1 {main}
  thrown in C:\xampp\htdocs\studexcopy\modules\jadwal\get_events.php on line 32
[12-May-2026 10:21:55 Asia/Makassar] PHP Fatal error:  Uncaught PDOException: SQLSTATE[42S22]: Column not found: 1054 Unknown column 'a.nama_angkatan' in 'field list' in C:\xampp\htdocs\studexcopy\modules\jadwal\get_events.php:32
Stack trace:
#0 C:\xampp\htdocs\studexcopy\modules\jadwal\get_events.php(32): PDO->prepare('SELECT r.id, r....')
#1 {main}
  thrown in C:\xampp\htdocs\studexcopy\modules\jadwal\get_events.php on line 32
[12-May-2026 10:21:55 Asia/Makassar] PHP Fatal error:  Uncaught PDOException: SQLSTATE[42S22]: Column not found: 1054 Unknown column 'a.nama_angkatan' in 'field list' in C:\xampp\htdocs\studexcopy\modules\jadwal\get_events.php:32
Stack trace:
#0 C:\xampp\htdocs\studexcopy\modules\jadwal\get_events.php(32): PDO->prepare('SELECT r.id, r....')
#1 {main}
  thrown in C:\xampp\htdocs\studexcopy\modules\jadwal\get_events.php on line 32
[12-May-2026 10:21:56 Asia/Makassar] PHP Fatal error:  Uncaught PDOException: SQLSTATE[42S22]: Column not found: 1054 Unknown column 'a.nama_angkatan' in 'field list' in C:\xampp\htdocs\studexcopy\modules\jadwal\get_events.php:32
Stack trace:
#0 C:\xampp\htdocs\studexcopy\modules\jadwal\get_events.php(32): PDO->prepare('SELECT r.id, r....')
#1 {main}
  thrown in C:\xampp\htdocs\studexcopy\modules\jadwal\get_events.php on line 32
[12-May-2026 10:21:56 Asia/Makassar] PHP Fatal error:  Uncaught PDOException: SQLSTATE[42S22]: Column not found: 1054 Unknown column 'a.nama_angkatan' in 'field list' in C:\xampp\htdocs\studexcopy\modules\jadwal\get_events.php:32
Stack trace:
#0 C:\xampp\htdocs\studexcopy\modules\jadwal\get_events.php(32): PDO->prepare('SELECT r.id, r....')
#1 {main}
  thrown in C:\xampp\htdocs\studexcopy\modules\jadwal\get_events.php on line 32
[12-May-2026 10:21:56 Asia/Makassar] PHP Fatal error:  Uncaught PDOException: SQLSTATE[42S22]: Column not found: 1054 Unknown column 'a.nama_angkatan' in 'field list' in C:\xampp\htdocs\studexcopy\modules\jadwal\get_events.php:32
Stack trace:
#0 C:\xampp\htdocs\studexcopy\modules\jadwal\get_events.php(32): PDO->prepare('SELECT r.id, r....')
#1 {main}
  thrown in C:\xampp\htdocs\studexcopy\modules\jadwal\get_events.php on line 32
[12-May-2026 10:21:56 Asia/Makassar] PHP Fatal error:  Uncaught PDOException: SQLSTATE[42S22]: Column not found: 1054 Unknown column 'a.nama_angkatan' in 'field list' in C:\xampp\htdocs\studexcopy\modules\jadwal\get_events.php:32
Stack trace:
#0 C:\xampp\htdocs\studexcopy\modules\jadwal\get_events.php(32): PDO->prepare('SELECT r.id, r....')
#1 {main}
  thrown in C:\xampp\htdocs\studexcopy\modules\jadwal\get_events.php on line 32
[12-May-2026 10:21:56 Asia/Makassar] PHP Fatal error:  Uncaught PDOException: SQLSTATE[42S22]: Column not found: 1054 Unknown column 'a.nama_angkatan' in 'field list' in C:\xampp\htdocs\studexcopy\modules\jadwal\get_events.php:32
Stack trace:
#0 C:\xampp\htdocs\studexcopy\modules\jadwal\get_events.php(32): PDO->prepare('SELECT r.id, r....')
#1 {main}
  thrown in C:\xampp\htdocs\studexcopy\modules\jadwal\get_events.php on line 32
[12-May-2026 10:21:56 Asia/Makassar] PHP Fatal error:  Uncaught PDOException: SQLSTATE[42S22]: Column not found: 1054 Unknown column 'a.nama_angkatan' in 'field list' in C:\xampp\htdocs\studexcopy\modules\jadwal\get_events.php:32
Stack trace:
#0 C:\xampp\htdocs\studexcopy\modules\jadwal\get_events.php(32): PDO->prepare('SELECT r.id, r....')
#1 {main}
  thrown in C:\xampp\htdocs\studexcopy\modules\jadwal\get_events.php on line 32
[12-May-2026 10:21:57 Asia/Makassar] PHP Fatal error:  Uncaught PDOException: SQLSTATE[42S22]: Column not found: 1054 Unknown column 'a.nama_angkatan' in 'field list' in C:\xampp\htdocs\studexcopy\modules\jadwal\get_events.php:32
Stack trace:
#0 C:\xampp\htdocs\studexcopy\modules\jadwal\get_events.php(32): PDO->prepare('SELECT r.id, r....')
#1 {main}
  thrown in C:\xampp\htdocs\studexcopy\modules\jadwal\get_events.php on line 32
[12-May-2026 10:21:57 Asia/Makassar] PHP Fatal error:  Uncaught PDOException: SQLSTATE[42S22]: Column not found: 1054 Unknown column 'a.nama_angkatan' in 'field list' in C:\xampp\htdocs\studexcopy\modules\jadwal\get_events.php:32
Stack trace:
#0 C:\xampp\htdocs\studexcopy\modules\jadwal\get_events.php(32): PDO->prepare('SELECT r.id, r....')
#1 {main}
  thrown in C:\xampp\htdocs\studexcopy\modules\jadwal\get_events.php on line 32
[12-May-2026 10:21:57 Asia/Makassar] PHP Fatal error:  Uncaught PDOException: SQLSTATE[42S22]: Column not found: 1054 Unknown column 'a.nama_angkatan' in 'field list' in C:\xampp\htdocs\studexcopy\modules\jadwal\get_events.php:32
Stack trace:
#0 C:\xampp\htdocs\studexcopy\modules\jadwal\get_events.php(32): PDO->prepare('SELECT r.id, r....')
#1 {main}
  thrown in C:\xampp\htdocs\studexcopy\modules\jadwal\get_events.php on line 32
[12-May-2026 10:21:57 Asia/Makassar] PHP Fatal error:  Uncaught PDOException: SQLSTATE[42S22]: Column not found: 1054 Unknown column 'a.nama_angkatan' in 'field list' in C:\xampp\htdocs\studexcopy\modules\jadwal\get_events.php:32
Stack trace:
#0 C:\xampp\htdocs\studexcopy\modules\jadwal\get_events.php(32): PDO->prepare('SELECT r.id, r....')
#1 {main}
  thrown in C:\xampp\htdocs\studexcopy\modules\jadwal\get_events.php on line 32
[12-May-2026 10:21:57 Asia/Makassar] PHP Fatal error:  Uncaught PDOException: SQLSTATE[42S22]: Column not found: 1054 Unknown column 'a.nama_angkatan' in 'field list' in C:\xampp\htdocs\studexcopy\modules\jadwal\get_events.php:32
Stack trace:
#0 C:\xampp\htdocs\studexcopy\modules\jadwal\get_events.php(32): PDO->prepare('SELECT r.id, r....')
#1 {main}
  thrown in C:\xampp\htdocs\studexcopy\modules\jadwal\get_events.php on line 32
[12-May-2026 10:21:57 Asia/Makassar] PHP Fatal error:  Uncaught PDOException: SQLSTATE[42S22]: Column not found: 1054 Unknown column 'a.nama_angkatan' in 'field list' in C:\xampp\htdocs\studexcopy\modules\jadwal\get_events.php:32
Stack trace:
#0 C:\xampp\htdocs\studexcopy\modules\jadwal\get_events.php(32): PDO->prepare('SELECT r.id, r....')
#1 {main}
  thrown in C:\xampp\htdocs\studexcopy\modules\jadwal\get_events.php on line 32
[12-May-2026 10:21:58 Asia/Makassar] PHP Fatal error:  Uncaught PDOException: SQLSTATE[42S22]: Column not found: 1054 Unknown column 'a.nama_angkatan' in 'field list' in C:\xampp\htdocs\studexcopy\modules\jadwal\get_events.php:32
Stack trace:
#0 C:\xampp\htdocs\studexcopy\modules\jadwal\get_events.php(32): PDO->prepare('SELECT r.id, r....')
#1 {main}
  thrown in C:\xampp\htdocs\studexcopy\modules\jadwal\get_events.php on line 32
[12-May-2026 10:21:58 Asia/Makassar] PHP Fatal error:  Uncaught PDOException: SQLSTATE[42S22]: Column not found: 1054 Unknown column 'a.nama_angkatan' in 'field list' in C:\xampp\htdocs\studexcopy\modules\jadwal\get_events.php:32
Stack trace:
#0 C:\xampp\htdocs\studexcopy\modules\jadwal\get_events.php(32): PDO->prepare('SELECT r.id, r....')
#1 {main}
  thrown in C:\xampp\htdocs\studexcopy\modules\jadwal\get_events.php on line 32
[12-May-2026 10:21:58 Asia/Makassar] PHP Fatal error:  Uncaught PDOException: SQLSTATE[42S22]: Column not found: 1054 Unknown column 'a.nama_angkatan' in 'field list' in C:\xampp\htdocs\studexcopy\modules\jadwal\get_events.php:32
Stack trace:
#0 C:\xampp\htdocs\studexcopy\modules\jadwal\get_events.php(32): PDO->prepare('SELECT r.id, r....')
#1 {main}
  thrown in C:\xampp\htdocs\studexcopy\modules\jadwal\get_events.php on line 32
[12-May-2026 10:21:58 Asia/Makassar] PHP Fatal error:  Uncaught PDOException: SQLSTATE[42S22]: Column not found: 1054 Unknown column 'a.nama_angkatan' in 'field list' in C:\xampp\htdocs\studexcopy\modules\jadwal\get_events.php:32
Stack trace:
#0 C:\xampp\htdocs\studexcopy\modules\jadwal\get_events.php(32): PDO->prepare('SELECT r.id, r....')
#1 {main}
  thrown in C:\xampp\htdocs\studexcopy\modules\jadwal\get_events.php on line 32
[12-May-2026 10:21:58 Asia/Makassar] PHP Fatal error:  Uncaught PDOException: SQLSTATE[42S22]: Column not found: 1054 Unknown column 'a.nama_angkatan' in 'field list' in C:\xampp\htdocs\studexcopy\modules\jadwal\get_events.php:32
Stack trace:
#0 C:\xampp\htdocs\studexcopy\modules\jadwal\get_events.php(32): PDO->prepare('SELECT r.id, r....')
#1 {main}
  thrown in C:\xampp\htdocs\studexcopy\modules\jadwal\get_events.php on line 32
[12-May-2026 10:21:58 Asia/Makassar] PHP Fatal error:  Uncaught PDOException: SQLSTATE[42S22]: Column not found: 1054 Unknown column 'a.nama_angkatan' in 'field list' in C:\xampp\htdocs\studexcopy\modules\jadwal\get_events.php:32
Stack trace:
#0 C:\xampp\htdocs\studexcopy\modules\jadwal\get_events.php(32): PDO->prepare('SELECT r.id, r....')
#1 {main}
  thrown in C:\xampp\htdocs\studexcopy\modules\jadwal\get_events.php on line 32
[12-May-2026 10:21:59 Asia/Makassar] PHP Fatal error:  Uncaught PDOException: SQLSTATE[42S22]: Column not found: 1054 Unknown column 'a.nama_angkatan' in 'field list' in C:\xampp\htdocs\studexcopy\modules\jadwal\get_events.php:32
Stack trace:
#0 C:\xampp\htdocs\studexcopy\modules\jadwal\get_events.php(32): PDO->prepare('SELECT r.id, r....')
#1 {main}
  thrown in C:\xampp\htdocs\studexcopy\modules\jadwal\get_events.php on line 32
[12-May-2026 10:21:59 Asia/Makassar] PHP Fatal error:  Uncaught PDOException: SQLSTATE[42S22]: Column not found: 1054 Unknown column 'a.nama_angkatan' in 'field list' in C:\xampp\htdocs\studexcopy\modules\jadwal\get_events.php:32
Stack trace:
#0 C:\xampp\htdocs\studexcopy\modules\jadwal\get_events.php(32): PDO->prepare('SELECT r.id, r....')
#1 {main}
  thrown in C:\xampp\htdocs\studexcopy\modules\jadwal\get_events.php on line 32
[12-May-2026 10:21:59 Asia/Makassar] PHP Fatal error:  Uncaught PDOException: SQLSTATE[42S22]: Column not found: 1054 Unknown column 'a.nama_angkatan' in 'field list' in C:\xampp\htdocs\studexcopy\modules\jadwal\get_events.php:32
Stack trace:
#0 C:\xampp\htdocs\studexcopy\modules\jadwal\get_events.php(32): PDO->prepare('SELECT r.id, r....')
#1 {main}
  thrown in C:\xampp\htdocs\studexcopy\modules\jadwal\get_events.php on line 32
[12-May-2026 10:21:59 Asia/Makassar] PHP Fatal error:  Uncaught PDOException: SQLSTATE[42S22]: Column not found: 1054 Unknown column 'a.nama_angkatan' in 'field list' in C:\xampp\htdocs\studexcopy\modules\jadwal\get_events.php:32
Stack trace:
#0 C:\xampp\htdocs\studexcopy\modules\jadwal\get_events.php(32): PDO->prepare('SELECT r.id, r....')
#1 {main}
  thrown in C:\xampp\htdocs\studexcopy\modules\jadwal\get_events.php on line 32
[12-May-2026 10:21:59 Asia/Makassar] PHP Fatal error:  Uncaught PDOException: SQLSTATE[42S22]: Column not found: 1054 Unknown column 'a.nama_angkatan' in 'field list' in C:\xampp\htdocs\studexcopy\modules\jadwal\get_events.php:32
Stack trace:
#0 C:\xampp\htdocs\studexcopy\modules\jadwal\get_events.php(32): PDO->prepare('SELECT r.id, r....')
#1 {main}
  thrown in C:\xampp\htdocs\studexcopy\modules\jadwal\get_events.php on line 32
[12-May-2026 10:22:00 Asia/Makassar] PHP Fatal error:  Uncaught PDOException: SQLSTATE[42S22]: Column not found: 1054 Unknown column 'a.nama_angkatan' in 'field list' in C:\xampp\htdocs\studexcopy\modules\jadwal\get_events.php:32
Stack trace:
#0 C:\xampp\htdocs\studexcopy\modules\jadwal\get_events.php(32): PDO->prepare('SELECT r.id, r....')
#1 {main}
  thrown in C:\xampp\htdocs\studexcopy\modules\jadwal\get_events.php on line 32
[12-May-2026 10:22:00 Asia/Makassar] PHP Fatal error:  Uncaught PDOException: SQLSTATE[42S22]: Column not found: 1054 Unknown column 'a.nama_angkatan' in 'field list' in C:\xampp\htdocs\studexcopy\modules\jadwal\get_events.php:32
Stack trace:
#0 C:\xampp\htdocs\studexcopy\modules\jadwal\get_events.php(32): PDO->prepare('SELECT r.id, r....')
#1 {main}
  thrown in C:\xampp\htdocs\studexcopy\modules\jadwal\get_events.php on line 32
[12-May-2026 10:22:00 Asia/Makassar] PHP Fatal error:  Uncaught PDOException: SQLSTATE[42S22]: Column not found: 1054 Unknown column 'a.nama_angkatan' in 'field list' in C:\xampp\htdocs\studexcopy\modules\jadwal\get_events.php:32
Stack trace:
#0 C:\xampp\htdocs\studexcopy\modules\jadwal\get_events.php(32): PDO->prepare('SELECT r.id, r....')
#1 {main}
  thrown in C:\xampp\htdocs\studexcopy\modules\jadwal\get_events.php on line 32
[12-May-2026 10:22:00 Asia/Makassar] PHP Fatal error:  Uncaught PDOException: SQLSTATE[42S22]: Column not found: 1054 Unknown column 'a.nama_angkatan' in 'field list' in C:\xampp\htdocs\studexcopy\modules\jadwal\get_events.php:32
Stack trace:
#0 C:\xampp\htdocs\studexcopy\modules\jadwal\get_events.php(32): PDO->prepare('SELECT r.id, r....')
#1 {main}
  thrown in C:\xampp\htdocs\studexcopy\modules\jadwal\get_events.php on line 32
[12-May-2026 10:22:02 Asia/Makassar] PHP Fatal error:  Uncaught PDOException: SQLSTATE[42S22]: Column not found: 1054 Unknown column 'a.nama_angkatan' in 'field list' in C:\xampp\htdocs\studexcopy\modules\jadwal\get_events.php:32
Stack trace:
#0 C:\xampp\htdocs\studexcopy\modules\jadwal\get_events.php(32): PDO->prepare('SELECT r.id, r....')
#1 {main}
  thrown in C:\xampp\htdocs\studexcopy\modules\jadwal\get_events.php on line 32
[12-May-2026 10:22:16 Asia/Makassar] PHP Fatal error:  Uncaught PDOException: SQLSTATE[42S22]: Column not found: 1054 Unknown column 'a.nama_angkatan' in 'field list' in C:\xampp\htdocs\studexcopy\modules\jadwal\get_events.php:32
Stack trace:
#0 C:\xampp\htdocs\studexcopy\modules\jadwal\get_events.php(32): PDO->prepare('SELECT r.id, r....')
#1 {main}
  thrown in C:\xampp\htdocs\studexcopy\modules\jadwal\get_events.php on line 32
[12-May-2026 10:22:17 Asia/Makassar] PHP Fatal error:  Uncaught PDOException: SQLSTATE[42S22]: Column not found: 1054 Unknown column 'a.nama_angkatan' in 'field list' in C:\xampp\htdocs\studexcopy\modules\jadwal\get_events.php:32
Stack trace:
#0 C:\xampp\htdocs\studexcopy\modules\jadwal\get_events.php(32): PDO->prepare('SELECT r.id, r....')
#1 {main}
  thrown in C:\xampp\htdocs\studexcopy\modules\jadwal\get_events.php on line 32
[12-May-2026 10:22:30 Asia/Makassar] PHP Fatal error:  Uncaught PDOException: SQLSTATE[42S22]: Column not found: 1054 Unknown column 'a.nama_angkatan' in 'field list' in C:\xampp\htdocs\studexcopy\modules\jadwal\get_events.php:32
Stack trace:
#0 C:\xampp\htdocs\studexcopy\modules\jadwal\get_events.php(32): PDO->prepare('SELECT r.id, r....')
#1 {main}
  thrown in C:\xampp\htdocs\studexcopy\modules\jadwal\get_events.php on line 32
